Change Component Designator: Old Designator=C?? New Designator=C1
Change Component Designator: Old Designator=C?? New Designator=C2
Change Component Designator: Old Designator=C?? New Designator=C3
Change Component Designator: Old Designator=C?? New Designator=C4
Change Component Designator: Old Designator=C?? New Designator=C5
Change Component Designator: Old Designator=L? New Designator=L1
Change Component Designator: Old Designator=L? New Designator=L2
Change Component Designator: Old Designator=Q? New Designator=Q1
Change Component Designator: Old Designator=Q? New Designator=Q2
Change Component Designator: Old Designator=Q? New Designator=Q3
Change Component Designator: Old Designator=Q? New Designator=Q4
Change Component Designator: Old Designator=Rx? New Designator=Rx1
Change Component Designator: Old Designator=Rx? New Designator=Rx2
Change Component Designator: Old Designator=Rx? New Designator=Rx3
Change Component Designator: Old Designator=Rx? New Designator=Rx4
Change Component Designator: Old Designator=Rx? New Designator=Rx5
Change Component Designator: Old Designator=Rx? New Designator=Rx6
Change Component Designator: Old Designator=Rx? New Designator=Rx7
Change Component Designator: Old Designator=Rx? New Designator=Rx8
Change Component Designator: Old Designator=T? New Designator=T1
Change Component Designator: Old Designator=T? New Designator=T2
